<?xml version="1.0" encoding="UTF-8" ?>
<testsuite tests="19" failures="0" name="bank.testrunner.RunTest" time="0.865" errors="2" skipped="0">
  <properties>
[...]
</properties>
  <testcase classname="Scenario: Login functionality for valid username and valid password" name="When user opens &quot;Chrome&quot; browser with exe &quot;D:\\Bank\\primusBank\\src\\test\\resources\\DRIVERS\\chromedriver.exe&quot;" time="0"/>
  <testcase classname="Scenario: Login functionality for valid username and valid password" name="When user enters url &quot;http://primusbank.qedgetech.com/&quot;" time="0"/>
  <testcase classname="Scenario: Login functionality for valid username and valid password" name="When user enters &quot;Admin&quot; as username" time="0"/>
  <testcase classname="Scenario: Login functionality for valid username and valid password" name="When user enters &quot;Admin&quot; as password" time="0"/>
  <testcase classname="Scenario: Login functionality for valid username and valid password" name="When user click on login button" time="0"/>
  <testcase classname="Scenario: Login functionality for valid username and valid password" name="Then user is on &quot;Admin&quot; page and get msg" time="0"/>
  <testcase classname="Scenario: Login functionality for valid username and valid password" name="Scenario: Login functionality for valid username and valid password" time="0.597"/>
  <testcase classname="Scenario: Search functionality" name="When user opens &quot;Chrome&quot; browser with exe &quot;D:\\Bank\\primusBank\\src\\test\\resources\\DRIVERS\\chromedriver.exe&quot;" time="0"/>
  <testcase classname="Scenario: Search functionality" name="When user enters url &quot;http://primusbank.qedgetech.com/&quot;" time="0"/>
  <testcase classname="Scenario: Search functionality" name="When user enters &quot;Admin&quot; as username" time="0"/>
  <testcase classname="Scenario: Search functionality" name="When user enters &quot;Admin&quot; as password" time="0"/>
  <testcase classname="Scenario: Search functionality" name="When user click on login button" time="0"/>
  <testcase classname="Scenario: Search functionality" name="When user click on branches" time="0"/>
  <testcase classname="Scenario: Search functionality" name="When user select &quot;INDIA&quot; as country" time="0"/>
  <testcase classname="Scenario: Search functionality" name="When user select &quot;Andhra Pradesh&quot; as state" time="0"/>
  <testcase classname="Scenario: Search functionality" name="When user select &quot;Hyderabad&quot; as city" time="0"/>
  <testcase classname="Scenario: Search functionality" name="When user click on search button" time="0"/>
  <testcase classname="Scenario: Search functionality" name="Then application shows list of branches from Hyderabad city and &quot;Branch Details&quot;" time="0.134">
    <error message="no such window: target window already closed
from unknown error: web view not found
  (Session info: chrome=88.0.4324.182)
Build info: version: &apos;3.141.59&apos;, revision: &apos;e82be7d358&apos;, time: &apos;2018-11-14T08:17:03&apos;
System info: host: &apos;DESKTOP-OBC8HG0&apos;, ip: &apos;192.168.225.159&apos;, os.name: &apos;Windows 8.1&apos;, os.arch: &apos;amd64&apos;, os.version: &apos;6.3&apos;, java.version: &apos;1.8.0_45&apos;
Driver info: org.openqa.selenium.chrome.ChromeDriver
Capabilities {acceptInsecureCerts: false, browserName: chrome, browserVersion: 88.0.4324.182, chrome: {chromedriverVersion: 87.0.4280.88 (89e2380a3e36c..., userDataDir: C:\Users\SHRICO~1\AppData\L...}, goog:chromeOptions: {debuggerAddress: localhost:51853}, javascriptEnabled: true, networkConnectionEnabled: false, pageLoadStrategy: normal, platform: WINDOWS, platformName: WINDOWS, proxy: Proxy(), setWindowRect: true, strictFileInteractability: false, timeouts: {implicit: 0, pageLoad: 300000, script: 30000}, unhandledPromptBehavior: dismiss and notify, webauthn:virtualAuthenticators: true}
Session ID: b748a4287f59a7ddf91824e1697cc8f1
*** Element info: {Using=xpath, value=//*[text()=&apos;Branch Details&apos;]}" type="org.openqa.selenium.NoSuchWindowException">org.openqa.selenium.NoSuchWindowException: no such window: target window already closed
from unknown error: web view not found
  (Session info: chrome=88.0.4324.182)
Build info: version: &apos;3.141.59&apos;, revision: &apos;e82be7d358&apos;, time: &apos;2018-11-14T08:17:03&apos;
System info: host: &apos;DESKTOP-OBC8HG0&apos;, ip: &apos;192.168.225.159&apos;, os.name: &apos;Windows 8.1&apos;, os.arch: &apos;amd64&apos;, os.version: &apos;6.3&apos;, java.version: &apos;1.8.0_45&apos;
Driver info: org.openqa.selenium.chrome.ChromeDriver
Capabilities {acceptInsecureCerts: false, browserName: chrome, browserVersion: 88.0.4324.182, chrome: {chromedriverVersion: 87.0.4280.88 (89e2380a3e36c..., userDataDir: C:\Users\SHRICO~1\AppData\L...}, goog:chromeOptions: {debuggerAddress: localhost:51853}, javascriptEnabled: true, networkConnectionEnabled: false, pageLoadStrategy: normal, platform: WINDOWS, platformName: WINDOWS, proxy: Proxy(), setWindowRect: true, strictFileInteractability: false, timeouts: {implicit: 0, pageLoad: 300000, script: 30000}, unhandledPromptBehavior: dismiss and notify, webauthn:virtualAuthenticators: true}
Session ID: b748a4287f59a7ddf91824e1697cc8f1
*** Element info: {Using=xpath, value=//*[text()=&apos;Branch Details&apos;]}
	at sun.reflect.NativeConstructorAccessorImpl.newInstance0(Native Method)
	at sun.reflect.NativeConstructorAccessorImpl.newInstance(Unknown Source)
	at sun.reflect.DelegatingConstructorAccessorImpl.newInstance(Unknown Source)
	at java.lang.reflect.Constructor.newInstance(Unknown Source)
	at org.openqa.selenium.remote.http.W3CHttpResponseCodec.createException(W3CHttpResponseCodec.java:187)
	at org.openqa.selenium.remote.http.W3CHttpResponseCodec.decode(W3CHttpResponseCodec.java:122)
	at org.openqa.selenium.remote.http.W3CHttpResponseCodec.decode(W3CHttpResponseCodec.java:49)
	at org.openqa.selenium.remote.HttpCommandExecutor.execute(HttpCommandExecutor.java:158)
	at org.openqa.selenium.remote.service.DriverCommandExecutor.execute(DriverCommandExecutor.java:83)
	at org.openqa.selenium.remote.RemoteWebDriver.execute(RemoteWebDriver.java:552)
	at org.openqa.selenium.remote.RemoteWebDriver.findElement(RemoteWebDriver.java:323)
	at org.openqa.selenium.remote.RemoteWebDriver.findElementByXPath(RemoteWebDriver.java:428)
	at org.openqa.selenium.By$ByXPath.findElement(By.java:353)
	at org.openqa.selenium.remote.RemoteWebDriver.findElement(RemoteWebDriver.java:315)
	at bank.methods.SeleniumOperations.validation(SeleniumOperations.java:156)
	at bank.cucumbermap.Search.application_shows_list_of_branches_from_Hyderabad_city_and(Search.java:59)
	at ✽.Then application shows list of branches from Hyderabad city and &quot;Branch Details&quot;(Search.feature:17)
</error>
  </testcase>
  <testcase classname="Scenario: Search functionality" name="Scenario: Search functionality" time="0.134">
    <error message="no such window: target window already closed
from unknown error: web view not found
  (Session info: chrome=88.0.4324.182)
Build info: version: &apos;3.141.59&apos;, revision: &apos;e82be7d358&apos;, time: &apos;2018-11-14T08:17:03&apos;
System info: host: &apos;DESKTOP-OBC8HG0&apos;, ip: &apos;192.168.225.159&apos;, os.name: &apos;Windows 8.1&apos;, os.arch: &apos;amd64&apos;, os.version: &apos;6.3&apos;, java.version: &apos;1.8.0_45&apos;
Driver info: org.openqa.selenium.chrome.ChromeDriver
Capabilities {acceptInsecureCerts: false, browserName: chrome, browserVersion: 88.0.4324.182, chrome: {chromedriverVersion: 87.0.4280.88 (89e2380a3e36c..., userDataDir: C:\Users\SHRICO~1\AppData\L...}, goog:chromeOptions: {debuggerAddress: localhost:51853}, javascriptEnabled: true, networkConnectionEnabled: false, pageLoadStrategy: normal, platform: WINDOWS, platformName: WINDOWS, proxy: Proxy(), setWindowRect: true, strictFileInteractability: false, timeouts: {implicit: 0, pageLoad: 300000, script: 30000}, unhandledPromptBehavior: dismiss and notify, webauthn:virtualAuthenticators: true}
Session ID: b748a4287f59a7ddf91824e1697cc8f1
*** Element info: {Using=xpath, value=//*[text()=&apos;Branch Details&apos;]}" type="org.openqa.selenium.NoSuchWindowException">org.openqa.selenium.NoSuchWindowException: no such window: target window already closed
from unknown error: web view not found
  (Session info: chrome=88.0.4324.182)
Build info: version: &apos;3.141.59&apos;, revision: &apos;e82be7d358&apos;, time: &apos;2018-11-14T08:17:03&apos;
System info: host: &apos;DESKTOP-OBC8HG0&apos;, ip: &apos;192.168.225.159&apos;, os.name: &apos;Windows 8.1&apos;, os.arch: &apos;amd64&apos;, os.version: &apos;6.3&apos;, java.version: &apos;1.8.0_45&apos;
Driver info: org.openqa.selenium.chrome.ChromeDriver
Capabilities {acceptInsecureCerts: false, browserName: chrome, browserVersion: 88.0.4324.182, chrome: {chromedriverVersion: 87.0.4280.88 (89e2380a3e36c..., userDataDir: C:\Users\SHRICO~1\AppData\L...}, goog:chromeOptions: {debuggerAddress: localhost:51853}, javascriptEnabled: true, networkConnectionEnabled: false, pageLoadStrategy: normal, platform: WINDOWS, platformName: WINDOWS, proxy: Proxy(), setWindowRect: true, strictFileInteractability: false, timeouts: {implicit: 0, pageLoad: 300000, script: 30000}, unhandledPromptBehavior: dismiss and notify, webauthn:virtualAuthenticators: true}
Session ID: b748a4287f59a7ddf91824e1697cc8f1
*** Element info: {Using=xpath, value=//*[text()=&apos;Branch Details&apos;]}
	at sun.reflect.NativeConstructorAccessorImpl.newInstance0(Native Method)
	at sun.reflect.NativeConstructorAccessorImpl.newInstance(Unknown Source)
	at sun.reflect.DelegatingConstructorAccessorImpl.newInstance(Unknown Source)
	at java.lang.reflect.Constructor.newInstance(Unknown Source)
	at org.openqa.selenium.remote.http.W3CHttpResponseCodec.createException(W3CHttpResponseCodec.java:187)
	at org.openqa.selenium.remote.http.W3CHttpResponseCodec.decode(W3CHttpResponseCodec.java:122)
	at org.openqa.selenium.remote.http.W3CHttpResponseCodec.decode(W3CHttpResponseCodec.java:49)
	at org.openqa.selenium.remote.HttpCommandExecutor.execute(HttpCommandExecutor.java:158)
	at org.openqa.selenium.remote.service.DriverCommandExecutor.execute(DriverCommandExecutor.java:83)
	at org.openqa.selenium.remote.RemoteWebDriver.execute(RemoteWebDriver.java:552)
	at org.openqa.selenium.remote.RemoteWebDriver.findElement(RemoteWebDriver.java:323)
	at org.openqa.selenium.remote.RemoteWebDriver.findElementByXPath(RemoteWebDriver.java:428)
	at org.openqa.selenium.By$ByXPath.findElement(By.java:353)
	at org.openqa.selenium.remote.RemoteWebDriver.findElement(RemoteWebDriver.java:315)
	at bank.methods.SeleniumOperations.validation(SeleniumOperations.java:156)
	at bank.cucumbermap.Search.application_shows_list_of_branches_from_Hyderabad_city_and(Search.java:59)
	at ✽.Then application shows list of branches from Hyderabad city and &quot;Branch Details&quot;(Search.feature:17)
</error>
  </testcase>
</testsuite>